<?xml version="1.0" encoding="UTF-8"?>
<!-- Generated by org.testng.reporters.JUnitReportReporter -->
<testsuite hostname="DESKTOP-RK577T0" failures="0" tests="1" name="practice.Login_Test" time="4.834" errors="0" timestamp="2022-08-18T15:56:41 IST" skipped="0">
  <testcase classname="practice.Login_Test" name="actitime_Test" time="4.834"/>
  <system-out/>
</testsuite> <!-- practice.Login_Test -->
